2025-01-15 21:26:21,047:ERROR:データフレームに '順位' カラムが存在しません。
2025-01-15 21:31:02,400:ERROR:データフレームに '順位' カラムが存在しません。
2025-01-15 21:31:02,400:ERROR:スコアデータに必要なカラム ['競技ID', '順位'] が存在しません。
2025-01-15 21:35:01,014:DEBUG:データベース接続を試みています...
2025-01-15 21:35:01,014:DEBUG:データベース接続成功
2025-01-15 21:35:01,014:DEBUG:スコアデータを取得しています...
2025-01-15 21:35:01,014:ERROR:スコアデータ取得エラー: Execution failed on sql '
        SELECT 
            競技ID, 
            日付, 
            コース, 
            プレイヤー名, 
            アウトスコア, 
            インスコア, 
            合計スコア, 
            ハンディキャップ, 
            ネットスコア, 
            順位 
        FROM scores
        ': no such column: 競技ID
2025-01-15 21:35:01,032:DEBUG:プレイヤーデータを取得しています...
2025-01-15 21:35:01,034:DEBUG:プレイヤーデータの取得に成功しました。
2025-01-15 21:35:01,035:DEBUG:取得したプレイヤーデータのカラム: ['id', 'name']
2025-01-15 21:35:01,037:DEBUG:Scores DataFrame Columns: []
2025-01-15 21:35:01,037:DEBUG:Players DataFrame Columns: ['id', 'name']
2025-01-15 21:35:01,038:DEBUG:データベース接続を閉じました
2025-01-15 21:51:04,998:DEBUG:データベース接続を試みています...
2025-01-15 21:51:04,998:DEBUG:データベース接続成功
2025-01-15 21:51:05,002:DEBUG:スコアデータを取得しています...
2025-01-15 21:51:05,004:ERROR:スコアデータ取得エラー: Execution failed on sql '
        SELECT 
            競技ID, 
            日付, 
            コース, 
            プレイヤー名, 
            アウトスコア, 
            インスコア, 
            合計スコア, 
            ハンディキャップ, 
            ネットスコア, 
            順位 
        FROM scores
        ': no such column: 競技ID
2025-01-15 21:51:05,008:DEBUG:プレイヤーデータを取得しています...
2025-01-15 21:51:05,010:DEBUG:プレイヤーデータの取得に成功しました。
2025-01-15 21:51:05,011:DEBUG:取得したプレイヤーデータのカラム: ['id', 'name']
2025-01-15 21:51:05,013:DEBUG:Scores DataFrame Columns: []
2025-01-15 21:51:05,014:DEBUG:Players DataFrame Columns: ['id', 'name']
2025-01-15 21:51:05,014:DEBUG:データベース接続を閉じました
